<?xml version="1.0" encoding="UTF-8"?>
<!-- Generated by org.testng.reporters.JUnitXMLReporter -->
<testsuite hostname="Kash" ignored="0" name="Test" tests="6" failures="3" timestamp="2020-07-01T22:01:47 GMT+03:00" time="0.123" errors="0">
  <testcase name="testAdd" time="0.0" classname="com.calculator.CalculatorTest">
    <failure type="org.testng.TestNGException" message="
Parameter &amp;apos;number1&amp;apos; is required by @Test on method testAdd but has not been marked @Optional or defined
in C:\Users\sprak\eclipse-workspace\TestNG\testng.xml">
      <![CDATA[org.testng.TestNGException: 
Parameter 'number1' is required by @Test on method testAdd but has not been marked @Optional or defined
in C:\Users\sprak\eclipse-workspace\TestNG\testng.xml
at java.util.ArrayList.forEach(Unknown Source)
... Removed 26 stack frames]]>
    </failure>
  </testcase> <!-- testAdd -->
  <testcase name="testDivide" time="0.0" classname="com.calculator.CalculatorTest">
    <failure type="org.testng.TestNGException" message="
Parameter &amp;apos;number1&amp;apos; is required by @Test on method testDivide but has not been marked @Optional or defined
in C:\Users\sprak\eclipse-workspace\TestNG\testng.xml">
      <![CDATA[org.testng.TestNGException: 
Parameter 'number1' is required by @Test on method testDivide but has not been marked @Optional or defined
in C:\Users\sprak\eclipse-workspace\TestNG\testng.xml
at java.util.ArrayList.forEach(Unknown Source)
... Removed 26 stack frames]]>
    </failure>
  </testcase> <!-- testDivide -->
  <testcase name="testExponent" time="0.015" classname="com.calculator.CalculatorTest"/>
  <testcase name="testExponent" time="0.002" classname="com.calculator.CalculatorTest"/>
  <testcase name="testExponent" time="0.001" classname="com.calculator.CalculatorTest"/>
  <testcase name="testMultiply" time="0.0" classname="com.calculator.CalculatorTest">
    <failure type="org.testng.TestNGException" message="
Parameter &amp;apos;number1&amp;apos; is required by @Test on method testMultiply but has not been marked @Optional or defined
in C:\Users\sprak\eclipse-workspace\TestNG\testng.xml">
      <![CDATA[org.testng.TestNGException: 
Parameter 'number1' is required by @Test on method testMultiply but has not been marked @Optional or defined
in C:\Users\sprak\eclipse-workspace\TestNG\testng.xml
at java.util.ArrayList.forEach(Unknown Source)
... Removed 26 stack frames]]>
    </failure>
  </testcase> <!-- testMultiply -->
</testsuite> <!-- Test -->
